<?xml version="1.0" encoding="utf-8"?><testsuites name="pytest tests"><testsuite name="pytest" errors="0" failures="0" skipped="0" tests="18" time="3.899" timestamp="2026-04-07T20:50:30.012736+00:00" hostname="agent-env-d19b3d16-7599-456c-b1e7-dd9bf2a2aabe"><testcase classname="backend.tests.test_tcg_features.TestAuthAndHealth" name="test_auth_me" time="0.119" /><testcase classname="backend.tests.test_tcg_features.TestMemberTypes" name="test_create_adherent_member" time="0.130" /><testcase classname="backend.tests.test_tcg_features.TestMemberTypes" name="test_create_non_adherent_member" time="0.138" /><testcase classname="backend.tests.test_tcg_features.TestMemberTypes" name="test_get_members_with_type" time="0.085" /><testcase classname="backend.tests.test_tcg_features.TestMemberTypes" name="test_update_member_type" time="0.192" /><testcase classname="backend.tests.test_tcg_features.TestEventTypesAndFormats" name="test_get_settings_has_event_types" time="0.073" /><testcase classname="backend.tests.test_tcg_features.TestEventTypesAndFormats" name="test_create_event_with_type_tournoi" time="0.147" /><testcase classname="backend.tests.test_tcg_features.TestEventTypesAndFormats" name="test_create_event_with_type_casual" time="0.136" /><testcase classname="backend.tests.test_tcg_features.TestEventTypesAndFormats" name="test_update_settings_event_types" time="0.261" /><testcase classname="backend.tests.test_tcg_features.TestTournamentManagement" name="test_get_tournament_by_event" time="0.074" /><testcase classname="backend.tests.test_tcg_features.TestTournamentManagement" name="test_create_tournament_swiss" time="0.269" /><testcase classname="backend.tests.test_tcg_features.TestTournamentManagement" name="test_update_match_result" time="0.070" /><testcase classname="backend.tests.test_tcg_features.TestTournamentManagement" name="test_generate_next_round" time="0.151" /><testcase classname="backend.tests.test_tcg_features.TestTournamentManagement" name="test_tournament_standings_calculation" time="0.071" /><testcase classname="backend.tests.test_tcg_features.TestSubscriptionsAdherentsOnly" name="test_subscriptions_endpoint" time="0.072" /><testcase classname="backend.tests.test_tcg_features.TestSubscriptionsAdherentsOnly" name="test_create_subscription_for_adherent" time="0.208" /><testcase classname="backend.tests.test_tcg_features.TestCleanup" name="test_cleanup_test_members" time="0.918" /><testcase classname="backend.tests.test_tcg_features.TestCleanup" name="test_cleanup_test_events" time="0.689" /></testsuite></testsuites>