<?xml version="1.0" encoding="utf-8"?><testsuites name="pytest tests"><testsuite name="pytest" errors="0" failures="0" skipped="0" tests="16" time="2.731" timestamp="2026-04-16T17:16:46.199069+00:00" hostname="agent-env-d19b3d16-7599-456c-b1e7-dd9bf2a2aabe"><testcase classname="backend.tests.test_pos_settings_products.TestSettingsAPI" name="test_get_settings_returns_pos_visible_subcategories" time="0.280" /><testcase classname="backend.tests.test_pos_settings_products.TestSettingsAPI" name="test_get_settings_returns_product_categories_with_subcategories" time="0.067" /><testcase classname="backend.tests.test_pos_settings_products.TestSettingsAPI" name="test_get_settings_returns_payment_methods" time="0.065" /><testcase classname="backend.tests.test_pos_settings_products.TestSettingsAPI" name="test_update_pos_visible_subcategories" time="0.207" /><testcase classname="backend.tests.test_pos_settings_products.TestSettingsAPI" name="test_update_general_settings" time="0.142" /><testcase classname="backend.tests.test_pos_settings_products.TestSettingsAPI" name="test_add_payment_method" time="0.255" /><testcase classname="backend.tests.test_pos_settings_products.TestProductsAPI" name="test_get_products_list" time="0.250" /><testcase classname="backend.tests.test_pos_settings_products.TestProductsAPI" name="test_products_have_image_url_field" time="0.079" /><testcase classname="backend.tests.test_pos_settings_products.TestProductsAPI" name="test_create_product_with_subcategory" time="0.148" /><testcase classname="backend.tests.test_pos_settings_products.TestProductsAPI" name="test_upload_product_image_endpoint_exists" time="0.069" /><testcase classname="backend.tests.test_pos_settings_products.TestPOSIntegration" name="test_pos_whitelist_filtering_logic" time="0.158" /><testcase classname="backend.tests.test_pos_settings_products.TestPOSIntegration" name="test_sales_endpoint_works" time="0.081" /><testcase classname="backend.tests.test_pos_settings_products.TestPOSIntegration" name="test_create_sale_with_dynamic_payment_method" time="0.221" /><testcase classname="backend.tests.test_pos_settings_products.TestProductImageUpload" name="test_upload_image_to_existing_product" time="0.197" /><testcase classname="backend.tests.test_pos_settings_products.TestSettingsProductCategories" name="test_product_categories_structure" time="0.075" /><testcase classname="backend.tests.test_pos_settings_products.TestSettingsProductCategories" name="test_update_product_categories" time="0.261" /></testsuite></testsuites>